The system is: Linux - 3.10.0-862.2.3.el7.x86_64 - x86_64
Compiling the CXX compiler identification source file "CMakeCXXCompilerId.cpp" succeeded.
Compiler: /home/frodo/public/ugls_lab-2.53.0/bin/c++ 
Build flags: 
Id flags:  

The output was:
0


Compilation of the CXX compiler identification source "CMakeCXXCompilerId.cpp" produced "a.out"

The CXX compiler identification is GNU, found in "/home/tania05/SENG475/basics-tania05/builds/CMakeFiles/3.11.2/CompilerIdCXX/a.out"

Determining if the CXX compiler works passed with the following output:
Change Dir: /home/tania05/SENG475/basics-tania05/builds/CMakeFiles/CMakeTmp

Run Build Command:"/usr/bin/gmake" "cmTC_8504a/fast"
/usr/bin/gmake -f CMakeFiles/cmTC_8504a.dir/build.make CMakeFiles/cmTC_8504a.dir/build
gmake[1]: Entering directory `/home/tania05/SENG475/basics-tania05/builds/CMakeFiles/CMakeTmp'
Building CXX object CMakeFiles/cmTC_8504a.dir/testCXXCompiler.cxx.o
/home/frodo/public/ugls_lab-2.53.0/bin/c++     -o CMakeFiles/cmTC_8504a.dir/testCXXCompiler.cxx.o -c /home/tania05/SENG475/basics-tania05/builds/CMakeFiles/CMakeTmp/testCXXCompiler.cxx
Linking CXX executable cmTC_8504a
/home/frodo/public/ugls_lab-2.53.0/packages/cmake-3.11.2/bin/cmake -E cmake_link_script CMakeFiles/cmTC_8504a.dir/link.txt --verbose=1
/home/frodo/public/ugls_lab-2.53.0/bin/c++       CMakeFiles/cmTC_8504a.dir/testCXXCompiler.cxx.o  -o cmTC_8504a 
gmake[1]: Leaving directory `/home/tania05/SENG475/basics-tania05/builds/CMakeFiles/CMakeTmp'


Detecting CXX compiler ABI info compiled with the following output:
Change Dir: /home/tania05/SENG475/basics-tania05/builds/CMakeFiles/CMakeTmp

Run Build Command:"/usr/bin/gmake" "cmTC_51a40/fast"
/usr/bin/gmake -f CMakeFiles/cmTC_51a40.dir/build.make CMakeFiles/cmTC_51a40.dir/build
gmake[1]: Entering directory `/home/tania05/SENG475/basics-tania05/builds/CMakeFiles/CMakeTmp'
Building CXX object CMakeFiles/cmTC_51a40.dir/CMakeCXXCompilerABI.cpp.o
/home/frodo/public/ugls_lab-2.53.0/bin/c++     -o CMakeFiles/cmTC_51a40.dir/CMakeCXXCompilerABI.cpp.o -c /home/frodo/public/ugls_lab-2.53.0/packages/cmake-3.11.2/share/cmake-3.11/Modules/CMakeCXXCompilerABI.cpp
Linking CXX executable cmTC_51a40
/home/frodo/public/ugls_lab-2.53.0/packages/cmake-3.11.2/bin/cmake -E cmake_link_script CMakeFiles/cmTC_51a40.dir/link.txt --verbose=1
/home/frodo/public/ugls_lab-2.53.0/bin/c++      -v CMakeFiles/cmTC_51a40.dir/CMakeCXXCompilerABI.cpp.o  -o cmTC_51a40 
Using built-in specs.
COLLECT_GCC=/home/frodo/public/ugls_lab-2.53.0/packages/gcc/bin/g++
COLLECT_LTO_WRAPPER=/home/frodo/public/ugls_lab-2.53.0/packages/gcc-8.1.0/libexec/gcc/x86_64-pc-linux-gnu/8.1.0/lto-wrapper
Target: x86_64-pc-linux-gnu
Configured with: ../src/configure --prefix=/home/frodo/public/ugls_lab-2.53.0/packages/gcc-8.1.0 --with-default-libstdcxx-abi=gcc4-compatible --enable-threads=posix --enable-tls --disable-multilib
Thread model: posix
gcc version 8.1.0 (GCC) 
COMPILER_PATH=/home/frodo/public/ugls_lab-2.53.0/packages/gcc-8.1.0/libexec/gcc/x86_64-pc-linux-gnu/8.1.0/:/home/frodo/public/ugls_lab-2.53.0/packages/gcc-8.1.0/libexec/gcc/x86_64-pc-linux-gnu/8.1.0/:/home/frodo/public/ugls_lab-2.53.0/packages/gcc-8.1.0/libexec/gcc/x86_64-pc-linux-gnu/:/home/frodo/public/ugls_lab-2.53.0/packages/gcc-8.1.0/lib/gcc/x86_64-pc-linux-gnu/8.1.0/:/home/frodo/public/ugls_lab-2.53.0/packages/gcc-8.1.0/lib/gcc/x86_64-pc-linux-gnu/
LIBRARY_PATH=/home/frodo/public/ugls_lab-2.53.0/packages/gcc-8.1.0/lib/gcc/x86_64-pc-linux-gnu/8.1.0/:/home/frodo/public/ugls_lab-2.53.0/packages/gcc-8.1.0/lib/gcc/x86_64-pc-linux-gnu/8.1.0/../../../../lib64/:/lib/../lib64/:/usr/lib/../lib64/:/home/frodo/public/ugls_lab-2.53.0/packages/gcc-8.1.0/lib/gcc/x86_64-pc-linux-gnu/8.1.0/../../../:/lib/:/usr/lib/
COLLECT_GCC_OPTIONS='-L/home/frodo/public/ugls_lab-2.53.0/packages/gcc/lib64' '-isystem' '/home/frodo/public/ugls_lab-2.53.0/packages/gsl/include' '-isystem' '/home/frodo/public/ugls_lab-2.53.0/packages/catch/include' '-v' '-o' 'cmTC_51a40' '-shared-libgcc' '-mtune=generic' '-march=x86-64'
 /home/frodo/public/ugls_lab-2.53.0/packages/gcc-8.1.0/libexec/gcc/x86_64-pc-linux-gnu/8.1.0/collect2 -plugin /home/frodo/public/ugls_lab-2.53.0/packages/gcc-8.1.0/libexec/gcc/x86_64-pc-linux-gnu/8.1.0/liblto_plugin.so -plugin-opt=/home/frodo/public/ugls_lab-2.53.0/packages/gcc-8.1.0/libexec/gcc/x86_64-pc-linux-gnu/8.1.0/lto-wrapper -plugin-opt=-fresolution=/tmp/ccO7covy.res -plugin-opt=-pass-through=-lgcc_s -plugin-opt=-pass-through=-lgcc -plugin-opt=-pass-through=-lc -plugin-opt=-pass-through=-lgcc_s -plugin-opt=-pass-through=-lgcc --eh-frame-hdr -m elf_x86_64 -dynamic-linker /lib64/ld-linux-x86-64.so.2 -o cmTC_51a40 /lib/../lib64/crt1.o /lib/../lib64/crti.o /home/frodo/public/ugls_lab-2.53.0/packages/gcc-8.1.0/lib/gcc/x86_64-pc-linux-gnu/8.1.0/crtbegin.o -L/home/frodo/public/ugls_lab-2.53.0/packages/gcc/lib64 -L/home/frodo/public/ugls_lab-2.53.0/packages/gcc-8.1.0/lib/gcc/x86_64-pc-linux-gnu/8.1.0 -L/home/frodo/public/ugls_lab-2.53.0/packages/gcc-8.1.0/lib/gcc/x86_64-pc-linux-gnu/8.1.0/../../../../lib64 -L/lib/../lib64 -L/usr/lib/../lib64 -L/home/frodo/public/ugls_lab-2.53.0/packages/gcc-8.1.0/lib/gcc/x86_64-pc-linux-gnu/8.1.0/../../.. -rpath /home/frodo/public/ugls_lab-2.53.0/packages/gcc/lib64 CMakeFiles/cmTC_51a40.dir/CMakeCXXCompilerABI.cpp.o -lstdc++ -lm -lgcc_s -lgcc -lc -lgcc_s -lgcc /home/frodo/public/ugls_lab-2.53.0/packages/gcc-8.1.0/lib/gcc/x86_64-pc-linux-gnu/8.1.0/crtend.o /lib/../lib64/crtn.o
COLLECT_GCC_OPTIONS='-L/home/frodo/public/ugls_lab-2.53.0/packages/gcc/lib64' '-isystem' '/home/frodo/public/ugls_lab-2.53.0/packages/gsl/include' '-isystem' '/home/frodo/public/ugls_lab-2.53.0/packages/catch/include' '-v' '-o' 'cmTC_51a40' '-shared-libgcc' '-mtune=generic' '-march=x86-64'
gmake[1]: Leaving directory `/home/tania05/SENG475/basics-tania05/builds/CMakeFiles/CMakeTmp'


Parsed CXX implicit link information from above output:
  link line regex: [^( *|.*[/\])(ld|CMAKE_LINK_STARTFILE-NOTFOUND|([^/\]+-)?ld|collect2)[^/\]*( |$)]
  ignore line: [Change Dir: /home/tania05/SENG475/basics-tania05/builds/CMakeFiles/CMakeTmp]
  ignore line: []
  ignore line: [Run Build Command:"/usr/bin/gmake" "cmTC_51a40/fast"]
  ignore line: [/usr/bin/gmake -f CMakeFiles/cmTC_51a40.dir/build.make CMakeFiles/cmTC_51a40.dir/build]
  ignore line: [gmake[1]: Entering directory `/home/tania05/SENG475/basics-tania05/builds/CMakeFiles/CMakeTmp']
  ignore line: [Building CXX object CMakeFiles/cmTC_51a40.dir/CMakeCXXCompilerABI.cpp.o]
  ignore line: [/home/frodo/public/ugls_lab-2.53.0/bin/c++     -o CMakeFiles/cmTC_51a40.dir/CMakeCXXCompilerABI.cpp.o -c /home/frodo/public/ugls_lab-2.53.0/packages/cmake-3.11.2/share/cmake-3.11/Modules/CMakeCXXCompilerABI.cpp]
  ignore line: [Linking CXX executable cmTC_51a40]
  ignore line: [/home/frodo/public/ugls_lab-2.53.0/packages/cmake-3.11.2/bin/cmake -E cmake_link_script CMakeFiles/cmTC_51a40.dir/link.txt --verbose=1]
  ignore line: [/home/frodo/public/ugls_lab-2.53.0/bin/c++      -v CMakeFiles/cmTC_51a40.dir/CMakeCXXCompilerABI.cpp.o  -o cmTC_51a40 ]
  ignore line: [Using built-in specs.]
  ignore line: [COLLECT_GCC=/home/frodo/public/ugls_lab-2.53.0/packages/gcc/bin/g++]
  ignore line: [COLLECT_LTO_WRAPPER=/home/frodo/public/ugls_lab-2.53.0/packages/gcc-8.1.0/libexec/gcc/x86_64-pc-linux-gnu/8.1.0/lto-wrapper]
  ignore line: [Target: x86_64-pc-linux-gnu]
  ignore line: [Configured with: ../src/configure --prefix=/home/frodo/public/ugls_lab-2.53.0/packages/gcc-8.1.0 --with-default-libstdcxx-abi=gcc4-compatible --enable-threads=posix --enable-tls --disable-multilib]
  ignore line: [Thread model: posix]
  ignore line: [gcc version 8.1.0 (GCC) ]
  ignore line: [COMPILER_PATH=/home/frodo/public/ugls_lab-2.53.0/packages/gcc-8.1.0/libexec/gcc/x86_64-pc-linux-gnu/8.1.0/:/home/frodo/public/ugls_lab-2.53.0/packages/gcc-8.1.0/libexec/gcc/x86_64-pc-linux-gnu/8.1.0/:/home/frodo/public/ugls_lab-2.53.0/packages/gcc-8.1.0/libexec/gcc/x86_64-pc-linux-gnu/:/home/frodo/public/ugls_lab-2.53.0/packages/gcc-8.1.0/lib/gcc/x86_64-pc-linux-gnu/8.1.0/:/home/frodo/public/ugls_lab-2.53.0/packages/gcc-8.1.0/lib/gcc/x86_64-pc-linux-gnu/]
  ignore line: [LIBRARY_PATH=/home/frodo/public/ugls_lab-2.53.0/packages/gcc-8.1.0/lib/gcc/x86_64-pc-linux-gnu/8.1.0/:/home/frodo/public/ugls_lab-2.53.0/packages/gcc-8.1.0/lib/gcc/x86_64-pc-linux-gnu/8.1.0/../../../../lib64/:/lib/../lib64/:/usr/lib/../lib64/:/home/frodo/public/ugls_lab-2.53.0/packages/gcc-8.1.0/lib/gcc/x86_64-pc-linux-gnu/8.1.0/../../../:/lib/:/usr/lib/]
  ignore line: [COLLECT_GCC_OPTIONS='-L/home/frodo/public/ugls_lab-2.53.0/packages/gcc/lib64' '-isystem' '/home/frodo/public/ugls_lab-2.53.0/packages/gsl/include' '-isystem' '/home/frodo/public/ugls_lab-2.53.0/packages/catch/include' '-v' '-o' 'cmTC_51a40' '-shared-libgcc' '-mtune=generic' '-march=x86-64']
  link line: [ /home/frodo/public/ugls_lab-2.53.0/packages/gcc-8.1.0/libexec/gcc/x86_64-pc-linux-gnu/8.1.0/collect2 -plugin /home/frodo/public/ugls_lab-2.53.0/packages/gcc-8.1.0/libexec/gcc/x86_64-pc-linux-gnu/8.1.0/liblto_plugin.so -plugin-opt=/home/frodo/public/ugls_lab-2.53.0/packages/gcc-8.1.0/libexec/gcc/x86_64-pc-linux-gnu/8.1.0/lto-wrapper -plugin-opt=-fresolution=/tmp/ccO7covy.res -plugin-opt=-pass-through=-lgcc_s -plugin-opt=-pass-through=-lgcc -plugin-opt=-pass-through=-lc -plugin-opt=-pass-through=-lgcc_s -plugin-opt=-pass-through=-lgcc --eh-frame-hdr -m elf_x86_64 -dynamic-linker /lib64/ld-linux-x86-64.so.2 -o cmTC_51a40 /lib/../lib64/crt1.o /lib/../lib64/crti.o /home/frodo/public/ugls_lab-2.53.0/packages/gcc-8.1.0/lib/gcc/x86_64-pc-linux-gnu/8.1.0/crtbegin.o -L/home/frodo/public/ugls_lab-2.53.0/packages/gcc/lib64 -L/home/frodo/public/ugls_lab-2.53.0/packages/gcc-8.1.0/lib/gcc/x86_64-pc-linux-gnu/8.1.0 -L/home/frodo/public/ugls_lab-2.53.0/packages/gcc-8.1.0/lib/gcc/x86_64-pc-linux-gnu/8.1.0/../../../../lib64 -L/lib/../lib64 -L/usr/lib/../lib64 -L/home/frodo/public/ugls_lab-2.53.0/packages/gcc-8.1.0/lib/gcc/x86_64-pc-linux-gnu/8.1.0/../../.. -rpath /home/frodo/public/ugls_lab-2.53.0/packages/gcc/lib64 CMakeFiles/cmTC_51a40.dir/CMakeCXXCompilerABI.cpp.o -lstdc++ -lm -lgcc_s -lgcc -lc -lgcc_s -lgcc /home/frodo/public/ugls_lab-2.53.0/packages/gcc-8.1.0/lib/gcc/x86_64-pc-linux-gnu/8.1.0/crtend.o /lib/../lib64/crtn.o]
    arg [/home/frodo/public/ugls_lab-2.53.0/packages/gcc-8.1.0/libexec/gcc/x86_64-pc-linux-gnu/8.1.0/collect2] ==> ignore
    arg [-plugin] ==> ignore
    arg [/home/frodo/public/ugls_lab-2.53.0/packages/gcc-8.1.0/libexec/gcc/x86_64-pc-linux-gnu/8.1.0/liblto_plugin.so] ==> ignore
    arg [-plugin-opt=/home/frodo/public/ugls_lab-2.53.0/packages/gcc-8.1.0/libexec/gcc/x86_64-pc-linux-gnu/8.1.0/lto-wrapper] ==> ignore
    arg [-plugin-opt=-fresolution=/tmp/ccO7covy.res] ==> ignore
    arg [-plugin-opt=-pass-through=-lgcc_s] ==> ignore
    arg [-plugin-opt=-pass-through=-lgcc] ==> ignore
    arg [-plugin-opt=-pass-through=-lc] ==> ignore
    arg [-plugin-opt=-pass-through=-lgcc_s] ==> ignore
    arg [-plugin-opt=-pass-through=-lgcc] ==> ignore
    arg [--eh-frame-hdr] ==> ignore
    arg [-m] ==> ignore
    arg [elf_x86_64] ==> ignore
    arg [-dynamic-linker] ==> ignore
    arg [/lib64/ld-linux-x86-64.so.2] ==> ignore
    arg [-o] ==> ignore
    arg [cmTC_51a40] ==> ignore
    arg [/lib/../lib64/crt1.o] ==> ignore
    arg [/lib/../lib64/crti.o] ==> ignore
    arg [/home/frodo/public/ugls_lab-2.53.0/packages/gcc-8.1.0/lib/gcc/x86_64-pc-linux-gnu/8.1.0/crtbegin.o] ==> ignore
    arg [-L/home/frodo/public/ugls_lab-2.53.0/packages/gcc/lib64] ==> dir [/home/frodo/public/ugls_lab-2.53.0/packages/gcc/lib64]
    arg [-L/home/frodo/public/ugls_lab-2.53.0/packages/gcc-8.1.0/lib/gcc/x86_64-pc-linux-gnu/8.1.0] ==> dir [/home/frodo/public/ugls_lab-2.53.0/packages/gcc-8.1.0/lib/gcc/x86_64-pc-linux-gnu/8.1.0]
    arg [-L/home/frodo/public/ugls_lab-2.53.0/packages/gcc-8.1.0/lib/gcc/x86_64-pc-linux-gnu/8.1.0/../../../../lib64] ==> dir [/home/frodo/public/ugls_lab-2.53.0/packages/gcc-8.1.0/lib/gcc/x86_64-pc-linux-gnu/8.1.0/../../../../lib64]
    arg [-L/lib/../lib64] ==> dir [/lib/../lib64]
    arg [-L/usr/lib/../lib64] ==> dir [/usr/lib/../lib64]
    arg [-L/home/frodo/public/ugls_lab-2.53.0/packages/gcc-8.1.0/lib/gcc/x86_64-pc-linux-gnu/8.1.0/../../..] ==> dir [/home/frodo/public/ugls_lab-2.53.0/packages/gcc-8.1.0/lib/gcc/x86_64-pc-linux-gnu/8.1.0/../../..]
    arg [-rpath] ==> ignore
    arg [/home/frodo/public/ugls_lab-2.53.0/packages/gcc/lib64] ==> ignore
    arg [CMakeFiles/cmTC_51a40.dir/CMakeCXXCompilerABI.cpp.o] ==> ignore
    arg [-lstdc++] ==> lib [stdc++]
    arg [-lm] ==> lib [m]
    arg [-lgcc_s] ==> lib [gcc_s]
    arg [-lgcc] ==> lib [gcc]
    arg [-lc] ==> lib [c]
    arg [-lgcc_s] ==> lib [gcc_s]
    arg [-lgcc] ==> lib [gcc]
    arg [/home/frodo/public/ugls_lab-2.53.0/packages/gcc-8.1.0/lib/gcc/x86_64-pc-linux-gnu/8.1.0/crtend.o] ==> ignore
    arg [/lib/../lib64/crtn.o] ==> ignore
  collapse library dir [/home/frodo/public/ugls_lab-2.53.0/packages/gcc/lib64] ==> [/home/frodo/public/ugls_lab-2.53.0/packages/gcc/lib64]
  collapse library dir [/home/frodo/public/ugls_lab-2.53.0/packages/gcc-8.1.0/lib/gcc/x86_64-pc-linux-gnu/8.1.0] ==> [/home/frodo/public/ugls_lab-2.53.0/packages/gcc-8.1.0/lib/gcc/x86_64-pc-linux-gnu/8.1.0]
  collapse library dir [/home/frodo/public/ugls_lab-2.53.0/packages/gcc-8.1.0/lib/gcc/x86_64-pc-linux-gnu/8.1.0/../../../../lib64] ==> [/home/frodo/public/ugls_lab-2.53.0/packages/gcc-8.1.0/lib64]
  collapse library dir [/lib/../lib64] ==> [/lib64]
  collapse library dir [/usr/lib/../lib64] ==> [/usr/lib64]
  collapse library dir [/home/frodo/public/ugls_lab-2.53.0/packages/gcc-8.1.0/lib/gcc/x86_64-pc-linux-gnu/8.1.0/../../..] ==> [/home/frodo/public/ugls_lab-2.53.0/packages/gcc-8.1.0/lib]
  implicit libs: [stdc++;m;gcc_s;gcc;c;gcc_s;gcc]
  implicit dirs: [/home/frodo/public/ugls_lab-2.53.0/packages/gcc/lib64;/home/frodo/public/ugls_lab-2.53.0/packages/gcc-8.1.0/lib/gcc/x86_64-pc-linux-gnu/8.1.0;/home/frodo/public/ugls_lab-2.53.0/packages/gcc-8.1.0/lib64;/lib64;/usr/lib64;/home/frodo/public/ugls_lab-2.53.0/packages/gcc-8.1.0/lib]
  implicit fwks: []




Detecting CXX [-std=c++1z] compiler features compiled with the following output:
Change Dir: /home/tania05/SENG475/basics-tania05/builds/CMakeFiles/CMakeTmp

Run Build Command:"/usr/bin/gmake" "cmTC_918c1/fast"
/usr/bin/gmake -f CMakeFiles/cmTC_918c1.dir/build.make CMakeFiles/cmTC_918c1.dir/build
gmake[1]: Entering directory `/home/tania05/SENG475/basics-tania05/builds/CMakeFiles/CMakeTmp'
Building CXX object CMakeFiles/cmTC_918c1.dir/feature_tests.cxx.o
/home/frodo/public/ugls_lab-2.53.0/bin/c++    -std=c++1z -o CMakeFiles/cmTC_918c1.dir/feature_tests.cxx.o -c /home/tania05/SENG475/basics-tania05/builds/CMakeFiles/feature_tests.cxx
Linking CXX executable cmTC_918c1
/home/frodo/public/ugls_lab-2.53.0/packages/cmake-3.11.2/bin/cmake -E cmake_link_script CMakeFiles/cmTC_918c1.dir/link.txt --verbose=1
/home/frodo/public/ugls_lab-2.53.0/bin/c++       CMakeFiles/cmTC_918c1.dir/feature_tests.cxx.o  -o cmTC_918c1 
gmake[1]: Leaving directory `/home/tania05/SENG475/basics-tania05/builds/CMakeFiles/CMakeTmp'


    Feature record: CXX_FEATURE:1cxx_aggregate_default_initializers
    Feature record: CXX_FEATURE:1cxx_alias_templates
    Feature record: CXX_FEATURE:1cxx_alignas
    Feature record: CXX_FEATURE:1cxx_alignof
    Feature record: CXX_FEATURE:1cxx_attributes
    Feature record: CXX_FEATURE:1cxx_attribute_deprecated
    Feature record: CXX_FEATURE:1cxx_auto_type
    Feature record: CXX_FEATURE:1cxx_binary_literals
    Feature record: CXX_FEATURE:1cxx_constexpr
    Feature record: CXX_FEATURE:1cxx_contextual_conversions
    Feature record: CXX_FEATURE:1cxx_decltype
    Feature record: CXX_FEATURE:1cxx_decltype_auto
    Feature record: CXX_FEATURE:1cxx_decltype_incomplete_return_types
    Feature record: CXX_FEATURE:1cxx_default_function_template_args
    Feature record: CXX_FEATURE:1cxx_defaulted_functions
    Feature record: CXX_FEATURE:1cxx_defaulted_move_initializers
    Feature record: CXX_FEATURE:1cxx_delegating_constructors
    Feature record: CXX_FEATURE:1cxx_deleted_functions
    Feature record: CXX_FEATURE:1cxx_digit_separators
    Feature record: CXX_FEATURE:1cxx_enum_forward_declarations
    Feature record: CXX_FEATURE:1cxx_explicit_conversions
    Feature record: CXX_FEATURE:1cxx_extended_friend_declarations
    Feature record: CXX_FEATURE:1cxx_extern_templates
    Feature record: CXX_FEATURE:1cxx_final
    Feature record: CXX_FEATURE:1cxx_func_identifier
    Feature record: CXX_FEATURE:1cxx_generalized_initializers
    Feature record: CXX_FEATURE:1cxx_generic_lambdas
    Feature record: CXX_FEATURE:1cxx_inheriting_constructors
    Feature record: CXX_FEATURE:1cxx_inline_namespaces
    Feature record: CXX_FEATURE:1cxx_lambdas
    Feature record: CXX_FEATURE:1cxx_lambda_init_captures
    Feature record: CXX_FEATURE:1cxx_local_type_template_args
    Feature record: CXX_FEATURE:1cxx_long_long_type
    Feature record: CXX_FEATURE:1cxx_noexcept
    Feature record: CXX_FEATURE:1cxx_nonstatic_member_init
    Feature record: CXX_FEATURE:1cxx_nullptr
    Feature record: CXX_FEATURE:1cxx_override
    Feature record: CXX_FEATURE:1cxx_range_for
    Feature record: CXX_FEATURE:1cxx_raw_string_literals
    Feature record: CXX_FEATURE:1cxx_reference_qualified_functions
    Feature record: CXX_FEATURE:1cxx_relaxed_constexpr
    Feature record: CXX_FEATURE:1cxx_return_type_deduction
    Feature record: CXX_FEATURE:1cxx_right_angle_brackets
    Feature record: CXX_FEATURE:1cxx_rvalue_references
    Feature record: CXX_FEATURE:1cxx_sizeof_member
    Feature record: CXX_FEATURE:1cxx_static_assert
    Feature record: CXX_FEATURE:1cxx_strong_enums
    Feature record: CXX_FEATURE:1cxx_template_template_parameters
    Feature record: CXX_FEATURE:1cxx_thread_local
    Feature record: CXX_FEATURE:1cxx_trailing_return_types
    Feature record: CXX_FEATURE:1cxx_unicode_literals
    Feature record: CXX_FEATURE:1cxx_uniform_initialization
    Feature record: CXX_FEATURE:1cxx_unrestricted_unions
    Feature record: CXX_FEATURE:1cxx_user_literals
    Feature record: CXX_FEATURE:1cxx_variable_templates
    Feature record: CXX_FEATURE:1cxx_variadic_macros
    Feature record: CXX_FEATURE:1cxx_variadic_templates


Detecting CXX [-std=c++14] compiler features compiled with the following output:
Change Dir: /home/tania05/SENG475/basics-tania05/builds/CMakeFiles/CMakeTmp

Run Build Command:"/usr/bin/gmake" "cmTC_d616b/fast"
/usr/bin/gmake -f CMakeFiles/cmTC_d616b.dir/build.make CMakeFiles/cmTC_d616b.dir/build
gmake[1]: Entering directory `/home/tania05/SENG475/basics-tania05/builds/CMakeFiles/CMakeTmp'
Building CXX object CMakeFiles/cmTC_d616b.dir/feature_tests.cxx.o
/home/frodo/public/ugls_lab-2.53.0/bin/c++    -std=c++14 -o CMakeFiles/cmTC_d616b.dir/feature_tests.cxx.o -c /home/tania05/SENG475/basics-tania05/builds/CMakeFiles/feature_tests.cxx
Linking CXX executable cmTC_d616b
/home/frodo/public/ugls_lab-2.53.0/packages/cmake-3.11.2/bin/cmake -E cmake_link_script CMakeFiles/cmTC_d616b.dir/link.txt --verbose=1
/home/frodo/public/ugls_lab-2.53.0/bin/c++       CMakeFiles/cmTC_d616b.dir/feature_tests.cxx.o  -o cmTC_d616b 
gmake[1]: Leaving directory `/home/tania05/SENG475/basics-tania05/builds/CMakeFiles/CMakeTmp'


    Feature record: CXX_FEATURE:1cxx_aggregate_default_initializers
    Feature record: CXX_FEATURE:1cxx_alias_templates
    Feature record: CXX_FEATURE:1cxx_alignas
    Feature record: CXX_FEATURE:1cxx_alignof
    Feature record: CXX_FEATURE:1cxx_attributes
    Feature record: CXX_FEATURE:1cxx_attribute_deprecated
    Feature record: CXX_FEATURE:1cxx_auto_type
    Feature record: CXX_FEATURE:1cxx_binary_literals
    Feature record: CXX_FEATURE:1cxx_constexpr
    Feature record: CXX_FEATURE:1cxx_contextual_conversions
    Feature record: CXX_FEATURE:1cxx_decltype
    Feature record: CXX_FEATURE:1cxx_decltype_auto
    Feature record: CXX_FEATURE:1cxx_decltype_incomplete_return_types
    Feature record: CXX_FEATURE:1cxx_default_function_template_args
    Feature record: CXX_FEATURE:1cxx_defaulted_functions
    Feature record: CXX_FEATURE:1cxx_defaulted_move_initializers
    Feature record: CXX_FEATURE:1cxx_delegating_constructors
    Feature record: CXX_FEATURE:1cxx_deleted_functions
    Feature record: CXX_FEATURE:1cxx_digit_separators
    Feature record: CXX_FEATURE:1cxx_enum_forward_declarations
    Feature record: CXX_FEATURE:1cxx_explicit_conversions
    Feature record: CXX_FEATURE:1cxx_extended_friend_declarations
    Feature record: CXX_FEATURE:1cxx_extern_templates
    Feature record: CXX_FEATURE:1cxx_final
    Feature record: CXX_FEATURE:1cxx_func_identifier
    Feature record: CXX_FEATURE:1cxx_generalized_initializers
    Feature record: CXX_FEATURE:1cxx_generic_lambdas
    Feature record: CXX_FEATURE:1cxx_inheriting_constructors
    Feature record: CXX_FEATURE:1cxx_inline_namespaces
    Feature record: CXX_FEATURE:1cxx_lambdas
    Feature record: CXX_FEATURE:1cxx_lambda_init_captures
    Feature record: CXX_FEATURE:1cxx_local_type_template_args
    Feature record: CXX_FEATURE:1cxx_long_long_type
    Feature record: CXX_FEATURE:1cxx_noexcept
    Feature record: CXX_FEATURE:1cxx_nonstatic_member_init
    Feature record: CXX_FEATURE:1cxx_nullptr
    Feature record: CXX_FEATURE:1cxx_override
    Feature record: CXX_FEATURE:1cxx_range_for
    Feature record: CXX_FEATURE:1cxx_raw_string_literals
    Feature record: CXX_FEATURE:1cxx_reference_qualified_functions
    Feature record: CXX_FEATURE:1cxx_relaxed_constexpr
    Feature record: CXX_FEATURE:1cxx_return_type_deduction
    Feature record: CXX_FEATURE:1cxx_right_angle_brackets
    Feature record: CXX_FEATURE:1cxx_rvalue_references
    Feature record: CXX_FEATURE:1cxx_sizeof_member
    Feature record: CXX_FEATURE:1cxx_static_assert
    Feature record: CXX_FEATURE:1cxx_strong_enums
    Feature record: CXX_FEATURE:1cxx_template_template_parameters
    Feature record: CXX_FEATURE:1cxx_thread_local
    Feature record: CXX_FEATURE:1cxx_trailing_return_types
    Feature record: CXX_FEATURE:1cxx_unicode_literals
    Feature record: CXX_FEATURE:1cxx_uniform_initialization
    Feature record: CXX_FEATURE:1cxx_unrestricted_unions
    Feature record: CXX_FEATURE:1cxx_user_literals
    Feature record: CXX_FEATURE:1cxx_variable_templates
    Feature record: CXX_FEATURE:1cxx_variadic_macros
    Feature record: CXX_FEATURE:1cxx_variadic_templates


Detecting CXX [-std=c++11] compiler features compiled with the following output:
Change Dir: /home/tania05/SENG475/basics-tania05/builds/CMakeFiles/CMakeTmp

Run Build Command:"/usr/bin/gmake" "cmTC_fd4ff/fast"
/usr/bin/gmake -f CMakeFiles/cmTC_fd4ff.dir/build.make CMakeFiles/cmTC_fd4ff.dir/build
gmake[1]: Entering directory `/home/tania05/SENG475/basics-tania05/builds/CMakeFiles/CMakeTmp'
Building CXX object CMakeFiles/cmTC_fd4ff.dir/feature_tests.cxx.o
/home/frodo/public/ugls_lab-2.53.0/bin/c++    -std=c++11 -o CMakeFiles/cmTC_fd4ff.dir/feature_tests.cxx.o -c /home/tania05/SENG475/basics-tania05/builds/CMakeFiles/feature_tests.cxx
Linking CXX executable cmTC_fd4ff
/home/frodo/public/ugls_lab-2.53.0/packages/cmake-3.11.2/bin/cmake -E cmake_link_script CMakeFiles/cmTC_fd4ff.dir/link.txt --verbose=1
/home/frodo/public/ugls_lab-2.53.0/bin/c++       CMakeFiles/cmTC_fd4ff.dir/feature_tests.cxx.o  -o cmTC_fd4ff 
gmake[1]: Leaving directory `/home/tania05/SENG475/basics-tania05/builds/CMakeFiles/CMakeTmp'


    Feature record: CXX_FEATURE:0cxx_aggregate_default_initializers
    Feature record: CXX_FEATURE:1cxx_alias_templates
    Feature record: CXX_FEATURE:1cxx_alignas
    Feature record: CXX_FEATURE:1cxx_alignof
    Feature record: CXX_FEATURE:1cxx_attributes
    Feature record: CXX_FEATURE:0cxx_attribute_deprecated
    Feature record: CXX_FEATURE:1cxx_auto_type
    Feature record: CXX_FEATURE:0cxx_binary_literals
    Feature record: CXX_FEATURE:1cxx_constexpr
    Feature record: CXX_FEATURE:0cxx_contextual_conversions
    Feature record: CXX_FEATURE:1cxx_decltype
    Feature record: CXX_FEATURE:0cxx_decltype_auto
    Feature record: CXX_FEATURE:1cxx_decltype_incomplete_return_types
    Feature record: CXX_FEATURE:1cxx_default_function_template_args
    Feature record: CXX_FEATURE:1cxx_defaulted_functions
    Feature record: CXX_FEATURE:1cxx_defaulted_move_initializers
    Feature record: CXX_FEATURE:1cxx_delegating_constructors
    Feature record: CXX_FEATURE:1cxx_deleted_functions
    Feature record: CXX_FEATURE:0cxx_digit_separators
    Feature record: CXX_FEATURE:1cxx_enum_forward_declarations
    Feature record: CXX_FEATURE:1cxx_explicit_conversions
    Feature record: CXX_FEATURE:1cxx_extended_friend_declarations
    Feature record: CXX_FEATURE:1cxx_extern_templates
    Feature record: CXX_FEATURE:1cxx_final
    Feature record: CXX_FEATURE:1cxx_func_identifier
    Feature record: CXX_FEATURE:1cxx_generalized_initializers
    Feature record: CXX_FEATURE:0cxx_generic_lambdas
    Feature record: CXX_FEATURE:1cxx_inheriting_constructors
    Feature record: CXX_FEATURE:1cxx_inline_namespaces
    Feature record: CXX_FEATURE:1cxx_lambdas
    Feature record: CXX_FEATURE:0cxx_lambda_init_captures
    Feature record: CXX_FEATURE:1cxx_local_type_template_args
    Feature record: CXX_FEATURE:1cxx_long_long_type
    Feature record: CXX_FEATURE:1cxx_noexcept
    Feature record: CXX_FEATURE:1cxx_nonstatic_member_init
    Feature record: CXX_FEATURE:1cxx_nullptr
    Feature record: CXX_FEATURE:1cxx_override
    Feature record: CXX_FEATURE:1cxx_range_for
    Feature record: CXX_FEATURE:1cxx_raw_string_literals
    Feature record: CXX_FEATURE:1cxx_reference_qualified_functions
    Feature record: CXX_FEATURE:0cxx_relaxed_constexpr
    Feature record: CXX_FEATURE:0cxx_return_type_deduction
    Feature record: CXX_FEATURE:1cxx_right_angle_brackets
    Feature record: CXX_FEATURE:1cxx_rvalue_references
    Feature record: CXX_FEATURE:1cxx_sizeof_member
    Feature record: CXX_FEATURE:1cxx_static_assert
    Feature record: CXX_FEATURE:1cxx_strong_enums
    Feature record: CXX_FEATURE:1cxx_template_template_parameters
    Feature record: CXX_FEATURE:1cxx_thread_local
    Feature record: CXX_FEATURE:1cxx_trailing_return_types
    Feature record: CXX_FEATURE:1cxx_unicode_literals
    Feature record: CXX_FEATURE:1cxx_uniform_initialization
    Feature record: CXX_FEATURE:1cxx_unrestricted_unions
    Feature record: CXX_FEATURE:1cxx_user_literals
    Feature record: CXX_FEATURE:0cxx_variable_templates
    Feature record: CXX_FEATURE:1cxx_variadic_macros
    Feature record: CXX_FEATURE:1cxx_variadic_templates


Detecting CXX [-std=c++98] compiler features compiled with the following output:
Change Dir: /home/tania05/SENG475/basics-tania05/builds/CMakeFiles/CMakeTmp

Run Build Command:"/usr/bin/gmake" "cmTC_34566/fast"
/usr/bin/gmake -f CMakeFiles/cmTC_34566.dir/build.make CMakeFiles/cmTC_34566.dir/build
gmake[1]: Entering directory `/home/tania05/SENG475/basics-tania05/builds/CMakeFiles/CMakeTmp'
Building CXX object CMakeFiles/cmTC_34566.dir/feature_tests.cxx.o
/home/frodo/public/ugls_lab-2.53.0/bin/c++    -std=c++98 -o CMakeFiles/cmTC_34566.dir/feature_tests.cxx.o -c /home/tania05/SENG475/basics-tania05/builds/CMakeFiles/feature_tests.cxx
Linking CXX executable cmTC_34566
/home/frodo/public/ugls_lab-2.53.0/packages/cmake-3.11.2/bin/cmake -E cmake_link_script CMakeFiles/cmTC_34566.dir/link.txt --verbose=1
/home/frodo/public/ugls_lab-2.53.0/bin/c++       CMakeFiles/cmTC_34566.dir/feature_tests.cxx.o  -o cmTC_34566 
gmake[1]: Leaving directory `/home/tania05/SENG475/basics-tania05/builds/CMakeFiles/CMakeTmp'


    Feature record: CXX_FEATURE:0cxx_aggregate_default_initializers
    Feature record: CXX_FEATURE:0cxx_alias_templates
    Feature record: CXX_FEATURE:0cxx_alignas
    Feature record: CXX_FEATURE:0cxx_alignof
    Feature record: CXX_FEATURE:0cxx_attributes
    Feature record: CXX_FEATURE:0cxx_attribute_deprecated
    Feature record: CXX_FEATURE:0cxx_auto_type
    Feature record: CXX_FEATURE:0cxx_binary_literals
    Feature record: CXX_FEATURE:0cxx_constexpr
    Feature record: CXX_FEATURE:0cxx_contextual_conversions
    Feature record: CXX_FEATURE:0cxx_decltype
    Feature record: CXX_FEATURE:0cxx_decltype_auto
    Feature record: CXX_FEATURE:0cxx_decltype_incomplete_return_types
    Feature record: CXX_FEATURE:0cxx_default_function_template_args
    Feature record: CXX_FEATURE:0cxx_defaulted_functions
    Feature record: CXX_FEATURE:0cxx_defaulted_move_initializers
    Feature record: CXX_FEATURE:0cxx_delegating_constructors
    Feature record: CXX_FEATURE:0cxx_deleted_functions
    Feature record: CXX_FEATURE:0cxx_digit_separators
    Feature record: CXX_FEATURE:0cxx_enum_forward_declarations
    Feature record: CXX_FEATURE:0cxx_explicit_conversions
    Feature record: CXX_FEATURE:0cxx_extended_friend_declarations
    Feature record: CXX_FEATURE:0cxx_extern_templates
    Feature record: CXX_FEATURE:0cxx_final
    Feature record: CXX_FEATURE:0cxx_func_identifier
    Feature record: CXX_FEATURE:0cxx_generalized_initializers
    Feature record: CXX_FEATURE:0cxx_generic_lambdas
    Feature record: CXX_FEATURE:0cxx_inheriting_constructors
    Feature record: CXX_FEATURE:0cxx_inline_namespaces
    Feature record: CXX_FEATURE:0cxx_lambdas
    Feature record: CXX_FEATURE:0cxx_lambda_init_captures
    Feature record: CXX_FEATURE:0cxx_local_type_template_args
    Feature record: CXX_FEATURE:0cxx_long_long_type
    Feature record: CXX_FEATURE:0cxx_noexcept
    Feature record: CXX_FEATURE:0cxx_nonstatic_member_init
    Feature record: CXX_FEATURE:0cxx_nullptr
    Feature record: CXX_FEATURE:0cxx_override
    Feature record: CXX_FEATURE:0cxx_range_for
    Feature record: CXX_FEATURE:0cxx_raw_string_literals
    Feature record: CXX_FEATURE:0cxx_reference_qualified_functions
    Feature record: CXX_FEATURE:0cxx_relaxed_constexpr
    Feature record: CXX_FEATURE:0cxx_return_type_deduction
    Feature record: CXX_FEATURE:0cxx_right_angle_brackets
    Feature record: CXX_FEATURE:0cxx_rvalue_references
    Feature record: CXX_FEATURE:0cxx_sizeof_member
    Feature record: CXX_FEATURE:0cxx_static_assert
    Feature record: CXX_FEATURE:0cxx_strong_enums
    Feature record: CXX_FEATURE:1cxx_template_template_parameters
    Feature record: CXX_FEATURE:0cxx_thread_local
    Feature record: CXX_FEATURE:0cxx_trailing_return_types
    Feature record: CXX_FEATURE:0cxx_unicode_literals
    Feature record: CXX_FEATURE:0cxx_uniform_initialization
    Feature record: CXX_FEATURE:0cxx_unrestricted_unions
    Feature record: CXX_FEATURE:0cxx_user_literals
    Feature record: CXX_FEATURE:0cxx_variable_templates
    Feature record: CXX_FEATURE:0cxx_variadic_macros
    Feature record: CXX_FEATURE:0cxx_variadic_templates
